
map -a "MachXO2" -p LCMXO2-4000HC -t CSBGA132 -s 4 -oc Commercial   "BreathLight_impl1.ngd" -o "BreathLight_impl1_map.ncd" -pr "BreathLight_impl1.prf" -mp "BreathLight_impl1.mrp" -lpf "H:/FPGA-Program/STEP-MXO2-V2/BreathLight/impl1/BreathLight_impl1.lpf" -lpf "H:/FPGA-Program/STEP-MXO2-V2/BreathLight/BreathLight.lpf" -c 0            
map:  version Diamond (64-bit) 3.10.0.111.2

Copyright (c) 1991-1994 by NeoCAD Inc. All rights reserved.
Copyright (c) 1995 AT&T Corp.   All rights reserved.
Copyright (c) 1995-2001 Lucent Technologies Inc.  All rights reserved.
Copyright (c) 2001 Agere Systems   All rights reserved.
Copyright (c) 2002-2017 Lattice Semiconductor Corporation,  All rights reserved.
   Process the file: BreathLight_impl1.ngd
   Picdevice="LCMXO2-4000HC"

   Pictype="CSBGA132"

   Picspeed=4

   Remove unused logic

   Do not produce over sized NCDs.

Part used: LCMXO2-4000HCCSBGA132, Performance used: 4.

Loading device for application map from file 'xo2c4000.nph' in environment: E:/application/Lattice Diamond/diamond/3.10_x64/ispfpga.
Package Status:                     Final          Version 1.44.

Running general design DRC...

Removing unused logic...

Optimizing...




Design Summary:
   Number of registers:     24 out of  4635 (1%)
      PFU registers:           24 out of  4320 (1%)
      PIO registers:            0 out of   315 (0%)
   Number of SLICEs:        23 out of  2160 (1%)
      SLICEs as Logic/ROM:     23 out of  2160 (1%)
      SLICEs as RAM:            0 out of  1620 (0%)
      SLICEs as Carry:         21 out of  2160 (1%)
   Number of LUT4s:         46 out of  4320 (1%)
      Number used as logic LUTs:          4
      Number used as distributed RAM:     0
      Number used as ripple logic:       42
      Number used as shift registers:     0
   Number of PIO sites used: 3 + 4(JTAG) out of 105 (7%)
   Number of block RAMs:  0 out of 10 (0%)
   Number of GSRs:  1 out of 1 (100%)
   EFB used :       No
   JTAG used :      No
   Readback used :  No
   Oscillator used :  No
   Startup used :   No
   POR :            On
   Bandgap :        On
   Number of Power Controller:  0 out of 1 (0%)
   Number of Dynamic Bank Controller (BCINRD):  0 out of 6 (0%)
   Number of Dynamic Bank Controller (BCLVDSO):  0 out of 1 (0%)
   Number of DCCA:  0 out of 8 (0%)
   Number of DCMA:  0 out of 2 (0%)
   Number of PLLs:  0 out of 2 (0%)
   Number of DQSDLLs:  0 out of 2 (0%)
   Number of CLKDIVC:  0 out of 4 (0%)
   Number of ECLKSYNCA:  0 out of 4 (0%)
   Number of ECLKBRIDGECS:  0 out of 2 (0%)
   Notes:-
      1. Total number of LUT4s = (Number of logic LUT4s) + 2*(Number of distributed RAMs) + 2*(Number of ripple logic)
      2. Number of logic LUT4s does not include count of distributed RAM and ripple logic.
   Number of clocks:  1
     Net clk_c: 14 loads, 14 rising, 0 falling (Driver: PIO clk )
   Number of Clock Enables:  1
     Net clk_c_enable_12: 7 loads, 7 LSLICEs
   Number of LSRs:  0
   Number of nets driven by tri-state buffers:  0
   Top 10 highest fanout non-clock nets:
     Net clk_c_enable_12: 7 loads
     Net contL_0: 3 loads
     Net contL_1: 3 loads
     Net contL_10: 3 loads
     Net contL_2: 3 loads
     Net contL_4: 3 loads
     Net contL_5: 3 loads
     Net contL_7: 3 loads
     Net contL_8: 3 loads
     Net contL_9: 3 loads
 

   Number of warnings:  0
   Number of errors:    0



Total CPU Time: 0 secs  
Total REAL Time: 0 secs  
Peak Memory Usage: 49 MB

Dumping design to file BreathLight_impl1_map.ncd.

ncd2vdb "BreathLight_impl1_map.ncd" ".vdbs/BreathLight_impl1_map.vdb"

Loading device for application ncd2vdb from file 'xo2c4000.nph' in environment: E:/application/Lattice Diamond/diamond/3.10_x64/ispfpga.

trce -f "BreathLight_impl1.mt" -o "BreathLight_impl1.tw1" "BreathLight_impl1_map.ncd" "BreathLight_impl1.prf"
trce:  version Diamond (64-bit) 3.10.0.111.2

Copyright (c) 1991-1994 by NeoCAD Inc. All rights reserved.
Copyright (c) 1995 AT&T Corp.   All rights reserved.
Copyright (c) 1995-2001 Lucent Technologies Inc.  All rights reserved.
Copyright (c) 2001 Agere Systems   All rights reserved.
Copyright (c) 2002-2017 Lattice Semiconductor Corporation,  All rights reserved.

Loading design for application trce from file breathlight_impl1_map.ncd.
Design name: PWM
NCD version: 3.3
Vendor:      LATTICE
Device:      LCMXO2-4000HC
Package:     CSBGA132
Performance: 4
Loading device for application trce from file 'xo2c4000.nph' in environment: E:/application/Lattice Diamond/diamond/3.10_x64/ispfpga.
Package Status:                     Final          Version 1.44.
Performance Hardware Data Status:   Final          Version 34.4.
Setup and Hold Report

--------------------------------------------------------------------------------
Lattice TRACE Report - Setup, Version Diamond (64-bit) 3.10.0.111.2
Sun Jun 18 16:18:39 2023

Copyright (c) 1991-1994 by NeoCAD Inc. All rights reserved.
Copyright (c) 1995 AT&T Corp.   All rights reserved.
Copyright (c) 1995-2001 Lucent Technologies Inc.  All rights reserved.
Copyright (c) 2001 Agere Systems   All rights reserved.
Copyright (c) 2002-2017 Lattice Semiconductor Corporation,  All rights reserved.

Report Information
------------------
Command line:    trce -v 1 -gt -mapchkpnt 0 -sethld -o BreathLight_impl1.tw1 -gui BreathLight_impl1_map.ncd BreathLight_impl1.prf 
Design file:     breathlight_impl1_map.ncd
Preference file: breathlight_impl1.prf
Device,speed:    LCMXO2-4000HC,4
Report level:    verbose report, limited to 1 item per preference
--------------------------------------------------------------------------------

Report Type:     based on TRACE automatically generated preferences
BLOCK ASYNCPATHS
BLOCK RESETPATHS
--------------------------------------------------------------------------------



Timing summary (Setup):
---------------

Timing errors: 206  Score: 270804
Cumulative negative slack: 270804

Constraints cover 240 paths, 1 nets, and 97 connections (75.78% coverage)

--------------------------------------------------------------------------------
Lattice TRACE Report - Hold, Version Diamond (64-bit) 3.10.0.111.2
Sun Jun 18 16:18:39 2023

Copyright (c) 1991-1994 by NeoCAD Inc. All rights reserved.
Copyright (c) 1995 AT&T Corp.   All rights reserved.
Copyright (c) 1995-2001 Lucent Technologies Inc.  All rights reserved.
Copyright (c) 2001 Agere Systems   All rights reserved.
Copyright (c) 2002-2017 Lattice Semiconductor Corporation,  All rights reserved.

Report Information
------------------
Command line:    trce -v 1 -gt -mapchkpnt 0 -sethld -o BreathLight_impl1.tw1 -gui BreathLight_impl1_map.ncd BreathLight_impl1.prf 
Design file:     breathlight_impl1_map.ncd
Preference file: breathlight_impl1.prf
Device,speed:    LCMXO2-4000HC,M
Report level:    verbose report, limited to 1 item per preference
--------------------------------------------------------------------------------

BLOCK ASYNCPATHS
BLOCK RESETPATHS
--------------------------------------------------------------------------------



Timing summary (Hold):
---------------

Timing errors: 0  Score: 0
Cumulative negative slack: 0

Constraints cover 240 paths, 1 nets, and 97 connections (75.78% coverage)



Timing summary (Setup and Hold):
---------------

Timing errors: 206 (setup), 0 (hold)
Score: 270804 (setup), 0 (hold)
Cumulative negative slack: 270804 (270804+0)
--------------------------------------------------------------------------------

--------------------------------------------------------------------------------

Total time: 0 secs 

ldbanno "BreathLight_impl1_map.ncd" -n Verilog -o "BreathLight_impl1_mapvo.vo" -w -neg
ldbanno: version Diamond (64-bit) 3.10.0.111.2
Copyright (c) 1991-1994 by NeoCAD Inc. All rights reserved.
Copyright (c) 1995 AT&T Corp.   All rights reserved.
Copyright (c) 1995-2001 Lucent Technologies Inc.  All rights reserved.
Copyright (c) 2001 Agere Systems   All rights reserved.
Copyright (c) 2002-2017 Lattice Semiconductor Corporation,  All rights reserved.

Writing a Verilog netlist using the orca library type based on the BreathLight_impl1_map design file.


Loading design for application ldbanno from file BreathLight_impl1_map.ncd.
Design name: PWM
NCD version: 3.3
Vendor:      LATTICE
Device:      LCMXO2-4000HC
Package:     CSBGA132
Performance: 4
Loading device for application ldbanno from file 'xo2c4000.nph' in environment: E:/application/Lattice Diamond/diamond/3.10_x64/ispfpga.
Package Status:                     Final          Version 1.44.
Performance Hardware Data Status:   Final          Version 34.4.
Converting design BreathLight_impl1_map.ncd into .ldb format.
Writing Verilog netlist to file BreathLight_impl1_mapvo.vo
Writing SDF timing to file BreathLight_impl1_mapvo.sdf
    <postMsg mid="35400250" type="Info"    dynamic="1" navigation="0" arg0="0"  />

ldbanno "BreathLight_impl1_map.ncd" -n VHDL -o "BreathLight_impl1_mapvho.vho" -w -neg
ldbanno: version Diamond (64-bit) 3.10.0.111.2
Copyright (c) 1991-1994 by NeoCAD Inc. All rights reserved.
Copyright (c) 1995 AT&T Corp.   All rights reserved.
Copyright (c) 1995-2001 Lucent Technologies Inc.  All rights reserved.
Copyright (c) 2001 Agere Systems   All rights reserved.
Copyright (c) 2002-2017 Lattice Semiconductor Corporation,  All rights reserved.

Writing a VHDL netlist using the orca library type based on the BreathLight_impl1_map design file.


Loading design for application ldbanno from file BreathLight_impl1_map.ncd.
Design name: PWM
NCD version: 3.3
Vendor:      LATTICE
Device:      LCMXO2-4000HC
Package:     CSBGA132
Performance: 4
Loading device for application ldbanno from file 'xo2c4000.nph' in environment: E:/application/Lattice Diamond/diamond/3.10_x64/ispfpga.
Package Status:                     Final          Version 1.44.
Performance Hardware Data Status:   Final          Version 34.4.
Converting design BreathLight_impl1_map.ncd into .ldb format.
Writing VHDL netlist to file BreathLight_impl1_mapvho.vho
Writing SDF timing to file BreathLight_impl1_mapvho.sdf
    <postMsg mid="35400250" type="Info"    dynamic="1" navigation="0" arg0="0"  />

mpartrce -p "BreathLight_impl1.p2t" -f "BreathLight_impl1.p3t" -tf "BreathLight_impl1.pt" "BreathLight_impl1_map.ncd" "BreathLight_impl1.ncd"

---- MParTrce Tool ----
Removing old design directory at request of -rem command line option to this program.
Running par. Please wait . . .

Lattice Place and Route Report for Design "BreathLight_impl1_map.ncd"
Sun Jun 18 16:18:41 2023

PAR: Place And Route Diamond (64-bit) 3.10.0.111.2.
Command Line: par -w -l 5 -i 6 -t 1 -c 0 -e 0 -gui -exp parUseNBR=1:parCDP=0:parCDR=0:parPathBased=OFF BreathLight_impl1_map.ncd BreathLight_impl1.dir/5_1.ncd BreathLight_impl1.prf
Preference file: BreathLight_impl1.prf.
Placement level-cost: 5-1.
Routing Iterations: 6

Loading design for application par from file BreathLight_impl1_map.ncd.
Design name: PWM
NCD version: 3.3
Vendor:      LATTICE
Device:      LCMXO2-4000HC
Package:     CSBGA132
Performance: 4
Loading device for application par from file 'xo2c4000.nph' in environment: E:/application/Lattice Diamond/diamond/3.10_x64/ispfpga.
Package Status:                     Final          Version 1.44.
Performance Hardware Data Status:   Final          Version 34.4.
License checked out.


Ignore Preference Error(s):  True
Device utilization summary:

   PIO (prelim)    3+4(JTAG)/280     3% used
                   3+4(JTAG)/105     7% bonded

   SLICE             23/2160          1% used

   GSR                1/1           100% used


Number of Signals: 73
Number of Connections: 128
    <postMsg mid="61001101" type="Warning" dynamic="0" navigation="0"  />

Pin Constraint Summary:
   3 out of 3 pins locked (100% locked).

The following 1 signal is selected to use the primary clock routing resources:
    clk_c (driver: clk, clk load #: 14)

    <postMsg mid="61061008" type="Warning" dynamic="5" navigation="0" arg0="clk_c" arg1="Primary" arg2="clk" arg3="C1" arg4="Primary"  />

No signal is selected as secondary clock.

Signal rstn_c is selected as Global Set/Reset.
Starting Placer Phase 0.

Finished Placer Phase 0.  REAL time: 0 secs 

Starting Placer Phase 1.
......
Placer score = 12363.
Finished Placer Phase 1.  REAL time: 0 secs 

Starting Placer Phase 2.
.
Placer score =  12306
Finished Placer Phase 2.  REAL time: 0 secs 


------------------ Clock Report ------------------

Global Clock Resources:
  CLK_PIN    : 0 out of 8 (0%)
  General PIO: 1 out of 280 (0%)
  PLL        : 0 out of 2 (0%)
  DCM        : 0 out of 2 (0%)
  DCC        : 0 out of 8 (0%)

Quadrants All (TL, TR, BL, BR) - Global Clocks:
  PRIMARY "clk_c" from comp "clk" on PIO site "C1 (PL4A)", clk load = 14

  PRIMARY  : 1 out of 8 (12%)
  SECONDARY: 0 out of 8 (0%)

Edge Clocks:
  No edge clock selected.

--------------- End of Clock Report ---------------


I/O Usage Summary (final):
   3 + 4(JTAG) out of 280 (2.5%) PIO sites used.
   3 + 4(JTAG) out of 105 (6.7%) bonded PIO sites used.
   Number of PIO comps: 3; differential: 0.
   Number of Vref pins used: 0.

I/O Bank Usage Summary:
+----------+---------------+------------+-----------+
| I/O Bank | Usage         | Bank Vccio | Bank Vref |
+----------+---------------+------------+-----------+
| 0        | 0 / 26 (  0%) | -          | -         |
| 1        | 2 / 26 (  7%) | 3.3V       | -         |
| 2        | 0 / 28 (  0%) | -          | -         |
| 3        | 0 / 7 (  0%)  | -          | -         |
| 4        | 0 / 8 (  0%)  | -          | -         |
| 5        | 1 / 10 ( 10%) | 3.3V       | -         |
+----------+---------------+------------+-----------+

Total placer CPU time: 0 secs 

Dumping design to file BreathLight_impl1.dir/5_1.ncd.

0 connections routed; 128 unrouted.
Starting router resource preassignment

Completed router resource preassignment. Real time: 0 secs 

Start NBR router at 16:18:42 06/18/23

*****************************************************************
Info: NBR allows conflicts(one node used by more than one signal)
      in the earlier iterations. In each iteration, it tries to  
      solve the conflicts while keeping the critical connections 
      routed as short as possible. The routing process is said to
      be completed when no conflicts exist and all connections   
      are routed.                                                
Note: NBR uses a different method to calculate timing slacks. The
      worst slack and total negative slack may not be the same as
      that in TRCE report. You should always run TRCE to verify  
      your design.                                               
*****************************************************************

Start NBR special constraint process at 16:18:42 06/18/23

Start NBR section for initial routing at 16:18:42 06/18/23
Level 1, iteration 1
1(0.00%) conflict; 59(46.09%) untouched conns; 102948 (nbr) score; 
Estimated worst slack/total negative slack<setup>: -1.965ns/-102.948ns; real time: 0 secs 
Level 2, iteration 1
4(0.00%) conflicts; 49(38.28%) untouched conns; 93270 (nbr) score; 
Estimated worst slack/total negative slack<setup>: -1.803ns/-93.271ns; real time: 0 secs 
Level 3, iteration 1
7(0.00%) conflicts; 26(20.31%) untouched conns; 78111 (nbr) score; 
Estimated worst slack/total negative slack<setup>: -1.810ns/-78.111ns; real time: 0 secs 
Level 4, iteration 1
6(0.00%) conflicts; 0(0.00%) untouched conn; 78583 (nbr) score; 
Estimated worst slack/total negative slack<setup>: -1.817ns/-78.584ns; real time: 2 secs 

Info: Initial congestion level at 75% usage is 0
Info: Initial congestion area  at 75% usage is 0 (0.00%)

Start NBR section for normal routing at 16:18:43 06/18/23
Level 1, iteration 1
9(0.00%) conflicts; 1(0.78%) untouched conn; 78082 (nbr) score; 
Estimated worst slack/total negative slack<setup>: -1.780ns/-78.083ns; real time: 2 secs 
Level 2, iteration 1
7(0.00%) conflicts; 1(0.78%) untouched conn; 78476 (nbr) score; 
Estimated worst slack/total negative slack<setup>: -1.817ns/-78.477ns; real time: 2 secs 
Level 3, iteration 1
6(0.00%) conflicts; 1(0.78%) untouched conn; 78438 (nbr) score; 
Estimated worst slack/total negative slack<setup>: -1.817ns/-78.439ns; real time: 2 secs 
Level 4, iteration 1
5(0.00%) conflicts; 0(0.00%) untouched conn; 78878 (nbr) score; 
Estimated worst slack/total negative slack<setup>: -1.817ns/-78.879ns; real time: 2 secs 
Level 4, iteration 2
3(0.00%) conflicts; 0(0.00%) untouched conn; 79019 (nbr) score; 
Estimated worst slack/total negative slack<setup>: -1.817ns/-79.020ns; real time: 2 secs 
Level 4, iteration 3
5(0.00%) conflicts; 0(0.00%) untouched conn; 78583 (nbr) score; 
Estimated worst slack/total negative slack<setup>: -1.817ns/-78.584ns; real time: 2 secs 
Level 4, iteration 4
4(0.00%) conflicts; 0(0.00%) untouched conn; 78583 (nbr) score; 
Estimated worst slack/total negative slack<setup>: -1.817ns/-78.584ns; real time: 2 secs 
Level 4, iteration 5
4(0.00%) conflicts; 0(0.00%) untouched conn; 78946 (nbr) score; 
Estimated worst slack/total negative slack<setup>: -1.817ns/-78.947ns; real time: 2 secs 
Level 4, iteration 6
4(0.00%) conflicts; 0(0.00%) untouched conn; 78946 (nbr) score; 
Estimated worst slack/total negative slack<setup>: -1.817ns/-78.947ns; real time: 2 secs 
Level 4, iteration 7
2(0.00%) conflicts; 0(0.00%) untouched conn; 82169 (nbr) score; 
Estimated worst slack/total negative slack<setup>: -2.056ns/-82.170ns; real time: 2 secs 
Level 4, iteration 8
2(0.00%) conflicts; 0(0.00%) untouched conn; 82169 (nbr) score; 
Estimated worst slack/total negative slack<setup>: -2.056ns/-82.170ns; real time: 2 secs 
Level 4, iteration 9
1(0.00%) conflict; 0(0.00%) untouched conn; 82419 (nbr) score; 
Estimated worst slack/total negative slack<setup>: -2.062ns/-82.420ns; real time: 2 secs 
Level 4, iteration 10
1(0.00%) conflict; 0(0.00%) untouched conn; 82419 (nbr) score; 
Estimated worst slack/total negative slack<setup>: -2.062ns/-82.420ns; real time: 2 secs 
Level 4, iteration 11
1(0.00%) conflict; 0(0.00%) untouched conn; 82419 (nbr) score; 
Estimated worst slack/total negative slack<setup>: -2.062ns/-82.420ns; real time: 2 secs 
Level 4, iteration 12
1(0.00%) conflict; 0(0.00%) untouched conn; 82419 (nbr) score; 
Estimated worst slack/total negative slack<setup>: -2.062ns/-82.420ns; real time: 2 secs 
Level 4, iteration 13
1(0.00%) conflict; 0(0.00%) untouched conn; 82419 (nbr) score; 
Estimated worst slack/total negative slack<setup>: -2.062ns/-82.420ns; real time: 2 secs 
Level 4, iteration 14
1(0.00%) conflict; 0(0.00%) untouched conn; 82419 (nbr) score; 
Estimated worst slack/total negative slack<setup>: -2.062ns/-82.420ns; real time: 2 secs 
Level 4, iteration 15
1(0.00%) conflict; 0(0.00%) untouched conn; 82419 (nbr) score; 
Estimated worst slack/total negative slack<setup>: -2.062ns/-82.420ns; real time: 2 secs 
Level 4, iteration 16
1(0.00%) conflict; 0(0.00%) untouched conn; 82419 (nbr) score; 
Estimated worst slack/total negative slack<setup>: -2.062ns/-82.420ns; real time: 2 secs 
Level 4, iteration 17
1(0.00%) conflict; 0(0.00%) untouched conn; 82419 (nbr) score; 
Estimated worst slack/total negative slack<setup>: -2.062ns/-82.420ns; real time: 2 secs 
Level 4, iteration 18
1(0.00%) conflict; 0(0.00%) untouched conn; 82419 (nbr) score; 
Estimated worst slack/total negative slack<setup>: -2.062ns/-82.420ns; real time: 2 secs 
Level 4, iteration 19
1(0.00%) conflict; 0(0.00%) untouched conn; 80139 (nbr) score; 
Estimated worst slack/total negative slack<setup>: -1.872ns/-80.140ns; real time: 2 secs 
Level 4, iteration 20
1(0.00%) conflict; 0(0.00%) untouched conn; 80139 (nbr) score; 
Estimated worst slack/total negative slack<setup>: -1.872ns/-80.140ns; real time: 2 secs 
Level 4, iteration 21
1(0.00%) conflict; 0(0.00%) untouched conn; 80139 (nbr) score; 
Estimated worst slack/total negative slack<setup>: -1.872ns/-80.140ns; real time: 2 secs 
Level 4, iteration 22
1(0.00%) conflict; 0(0.00%) untouched conn; 80139 (nbr) score; 
Estimated worst slack/total negative slack<setup>: -1.872ns/-80.140ns; real time: 2 secs 
Level 4, iteration 23
0(0.00%) conflict; 0(0.00%) untouched conn; 86511 (nbr) score; 
Estimated worst slack/total negative slack<setup>: -2.403ns/-86.512ns; real time: 2 secs 
Level 4, iteration 24
0(0.00%) conflict; 0(0.00%) untouched conn; 86511 (nbr) score; 
Estimated worst slack/total negative slack<setup>: -2.403ns/-86.512ns; real time: 2 secs 
Level 4, iteration 25
0(0.00%) conflict; 0(0.00%) untouched conn; 86511 (nbr) score; 
Estimated worst slack/total negative slack<setup>: -2.403ns/-86.512ns; real time: 2 secs 

Start NBR section for performance tuning (iteration 1) at 16:18:43 06/18/23
Level 4, iteration 1
3(0.00%) conflicts; 0(0.00%) untouched conn; 79717 (nbr) score; 
Estimated worst slack/total negative slack<setup>: -1.872ns/-79.718ns; real time: 2 secs 
Level 4, iteration 2
3(0.00%) conflicts; 0(0.00%) untouched conn; 80896 (nbr) score; 
Estimated worst slack/total negative slack<setup>: -1.957ns/-80.896ns; real time: 2 secs 
Level 4, iteration 3
3(0.00%) conflicts; 0(0.00%) untouched conn; 81667 (nbr) score; 
Estimated worst slack/total negative slack<setup>: -2.056ns/-81.668ns; real time: 2 secs 
Level 4, iteration 4
1(0.00%) conflict; 0(0.00%) untouched conn; 81667 (nbr) score; 
Estimated worst slack/total negative slack<setup>: -2.056ns/-81.668ns; real time: 2 secs 
Level 4, iteration 5
1(0.00%) conflict; 0(0.00%) untouched conn; 82177 (nbr) score; 
Estimated worst slack/total negative slack<setup>: -2.007ns/-82.177ns; real time: 2 secs 
Level 4, iteration 6
0(0.00%) conflict; 0(0.00%) untouched conn; 82177 (nbr) score; 
Estimated worst slack/total negative slack<setup>: -2.007ns/-82.177ns; real time: 2 secs 

Start NBR section for performance tuning (iteration 2) at 16:18:43 06/18/23
Level 4, iteration 1
1(0.00%) conflict; 0(0.00%) untouched conn; 87445 (nbr) score; 
Estimated worst slack/total negative slack<setup>: -2.348ns/-87.445ns; real time: 2 secs 

Start NBR section for re-routing at 16:18:43 06/18/23
Level 4, iteration 1
0(0.00%) conflict; 0(0.00%) untouched conn; 87845 (nbr) score; 
Estimated worst slack/total negative slack<setup>: -2.348ns/-87.845ns; real time: 2 secs 

Start NBR section for post-routing at 16:18:43 06/18/23

End NBR router with 0 unrouted connection

NBR Summary
-----------
  Number of unrouted connections : 0 (0.00%)
  Number of connections with timing violations : 78 (60.94%)
  Estimated worst slack<setup> : -2.348ns
  Timing score<setup> : 227596
-----------
Notes: The timing info is calculated for SETUP only and all PAR_ADJs are ignored.



Total CPU time 1 secs 
Total REAL time: 2 secs 
Completely routed.
End of route.  128 routed (100.00%); 0 unrouted.

Hold time timing score: 0, hold timing errors: 0

Timing score: 227596 

Dumping design to file BreathLight_impl1.dir/5_1.ncd.


PAR_SUMMARY::Run status = Success
PAR_SUMMARY::Number of unrouted conns = 0
PAR_SUMMARY::Worst  slack<setup/<ns>> = -2.348
PAR_SUMMARY::Timing score<setup/<ns>> = 227.596
PAR_SUMMARY::Worst  slack<hold /<ns>> = 0.379
PAR_SUMMARY::Timing score<hold /<ns>> = 0.000
PAR_SUMMARY::Number of errors = 0

Total CPU  time to completion: 2 secs 
Total REAL time to completion: 2 secs 

par done!

Copyright (c) 1991-1994 by NeoCAD Inc. All rights reserved.
Copyright (c) 1995 AT&T Corp.   All rights reserved.
Copyright (c) 1995-2001 Lucent Technologies Inc.  All rights reserved.
Copyright (c) 2001 Agere Systems   All rights reserved.
Copyright (c) 2002-2017 Lattice Semiconductor Corporation,  All rights reserved.
Exiting par with exit code 0
Exiting mpartrce with exit code 0

trce -f "BreathLight_impl1.pt" -o "BreathLight_impl1.twr" "BreathLight_impl1.ncd" "BreathLight_impl1.prf"
trce:  version Diamond (64-bit) 3.10.0.111.2

Copyright (c) 1991-1994 by NeoCAD Inc. All rights reserved.
Copyright (c) 1995 AT&T Corp.   All rights reserved.
Copyright (c) 1995-2001 Lucent Technologies Inc.  All rights reserved.
Copyright (c) 2001 Agere Systems   All rights reserved.
Copyright (c) 2002-2017 Lattice Semiconductor Corporation,  All rights reserved.

Loading design for application trce from file breathlight_impl1.ncd.
Design name: PWM
NCD version: 3.3
Vendor:      LATTICE
Device:      LCMXO2-4000HC
Package:     CSBGA132
Performance: 4
Loading device for application trce from file 'xo2c4000.nph' in environment: E:/application/Lattice Diamond/diamond/3.10_x64/ispfpga.
Package Status:                     Final          Version 1.44.
Performance Hardware Data Status:   Final          Version 34.4.
Setup and Hold Report

--------------------------------------------------------------------------------
Lattice TRACE Report - Setup, Version Diamond (64-bit) 3.10.0.111.2
Sun Jun 18 16:18:43 2023

Copyright (c) 1991-1994 by NeoCAD Inc. All rights reserved.
Copyright (c) 1995 AT&T Corp.   All rights reserved.
Copyright (c) 1995-2001 Lucent Technologies Inc.  All rights reserved.
Copyright (c) 2001 Agere Systems   All rights reserved.
Copyright (c) 2002-2017 Lattice Semiconductor Corporation,  All rights reserved.

Report Information
------------------
Command line:    trce -v 10 -gt -sethld -sp 4 -sphld m -o BreathLight_impl1.twr -gui BreathLight_impl1.ncd BreathLight_impl1.prf 
Design file:     breathlight_impl1.ncd
Preference file: breathlight_impl1.prf
Device,speed:    LCMXO2-4000HC,4
Report level:    verbose report, limited to 10 items per preference
--------------------------------------------------------------------------------

Report Type:     based on TRACE automatically generated preferences
BLOCK ASYNCPATHS
BLOCK RESETPATHS
--------------------------------------------------------------------------------



Timing summary (Setup):
---------------

Timing errors: 206  Score: 227596
Cumulative negative slack: 227596

Constraints cover 240 paths, 1 nets, and 97 connections (75.78% coverage)

--------------------------------------------------------------------------------
Lattice TRACE Report - Hold, Version Diamond (64-bit) 3.10.0.111.2
Sun Jun 18 16:18:43 2023

Copyright (c) 1991-1994 by NeoCAD Inc. All rights reserved.
Copyright (c) 1995 AT&T Corp.   All rights reserved.
Copyright (c) 1995-2001 Lucent Technologies Inc.  All rights reserved.
Copyright (c) 2001 Agere Systems   All rights reserved.
Copyright (c) 2002-2017 Lattice Semiconductor Corporation,  All rights reserved.

Report Information
------------------
Command line:    trce -v 10 -gt -sethld -sp 4 -sphld m -o BreathLight_impl1.twr -gui BreathLight_impl1.ncd BreathLight_impl1.prf 
Design file:     breathlight_impl1.ncd
Preference file: breathlight_impl1.prf
Device,speed:    LCMXO2-4000HC,m
Report level:    verbose report, limited to 10 items per preference
--------------------------------------------------------------------------------

BLOCK ASYNCPATHS
BLOCK RESETPATHS
--------------------------------------------------------------------------------



Timing summary (Hold):
---------------

Timing errors: 0  Score: 0
Cumulative negative slack: 0

Constraints cover 240 paths, 1 nets, and 97 connections (75.78% coverage)



Timing summary (Setup and Hold):
---------------

Timing errors: 206 (setup), 0 (hold)
Score: 227596 (setup), 0 (hold)
Cumulative negative slack: 227596 (227596+0)
--------------------------------------------------------------------------------

--------------------------------------------------------------------------------

Total time: 0 secs 

iotiming  "BreathLight_impl1.ncd" "BreathLight_impl1.prf"
I/O Timing Report:
:  version Diamond (64-bit) 3.10.0.111.2

Copyright (c) 1991-1994 by NeoCAD Inc. All rights reserved.
Copyright (c) 1995 AT&T Corp.   All rights reserved.
Copyright (c) 1995-2001 Lucent Technologies Inc.  All rights reserved.
Copyright (c) 2001 Agere Systems   All rights reserved.
Copyright (c) 2002-2017 Lattice Semiconductor Corporation,  All rights reserved.

Loading design for application iotiming from file breathlight_impl1.ncd.
Design name: PWM
NCD version: 3.3
Vendor:      LATTICE
Device:      LCMXO2-4000HC
Package:     CSBGA132
Performance: 4
Loading device for application iotiming from file 'xo2c4000.nph' in environment: E:/application/Lattice Diamond/diamond/3.10_x64/ispfpga.
Package Status:                     Final          Version 1.44.
Performance Hardware Data Status:   Final          Version 34.4.
Running Performance Grade: 4
Computing Setup Time ...
Computing Max Clock to Output Delay ...
Computing Hold Time ...
Computing Min Clock to Output Delay ...

Loading design for application iotiming from file breathlight_impl1.ncd.
Design name: PWM
NCD version: 3.3
Vendor:      LATTICE
Device:      LCMXO2-4000HC
Package:     CSBGA132
Performance: 5
Package Status:                     Final          Version 1.44.
Performance Hardware Data Status:   Final          Version 34.4.
Running Performance Grade: 5
Computing Setup Time ...
Computing Max Clock to Output Delay ...
Computing Hold Time ...
Computing Min Clock to Output Delay ...

Loading design for application iotiming from file breathlight_impl1.ncd.
Design name: PWM
NCD version: 3.3
Vendor:      LATTICE
Device:      LCMXO2-4000HC
Package:     CSBGA132
Performance: 6
Package Status:                     Final          Version 1.44.
Performance Hardware Data Status:   Final          Version 34.4.
Running Performance Grade: 6
Computing Setup Time ...
Computing Max Clock to Output Delay ...
Computing Hold Time ...
Computing Min Clock to Output Delay ...

Loading design for application iotiming from file breathlight_impl1.ncd.
Design name: PWM
NCD version: 3.3
Vendor:      LATTICE
Device:      LCMXO2-4000HC
Package:     CSBGA132
Performance: M
Package Status:                     Final          Version 1.44.
Performance Hardware Data Status:   Final          Version 34.4.
Running Performance Grade: M
Computing Setup Time ...
Computing Max Clock to Output Delay ...
Computing Hold Time ...
Computing Min Clock to Output Delay ...
Done.

ibisgen "BreathLight_impl1.pad" "E:/application/Lattice Diamond/diamond/3.10_x64/cae_library/ibis/machxo2.ibs" 
IBIS Models Generator: Lattice Diamond (64-bit) 3.10.0.111.2

Sun Jun 18 16:18:45 2023

Comp: clk
 Site: C1
 Type: IN
 IO_TYPE=LVCMOS33 
 PULL=DOWN 
 CLAMP=ON 
 HYSTERESIS=SMALL 
-----------------------
Comp: pwm
 Site: M12
 Type: OUT
 IO_TYPE=LVCMOS33 
 DRIVE=8mA 
 PULL=DOWN 
 SLEW=SLOW 
-----------------------
Comp: rstn
 Site: L14
 Type: IN
 IO_TYPE=LVCMOS33 
 PULL=DOWN 
 CLAMP=ON 
 HYSTERESIS=SMALL 
-----------------------
Created design models.


Generating: H:\FPGA-Program\STEP-MXO2-V2\BreathLight\impl1\IBIS\BreathLight_impl1.ibs


    <postMsg mid="1191031" type="Info"    dynamic="0" navigation="0"  />

ldbanno "BreathLight_impl1.ncd" -n Verilog  -o "BreathLight_impl1_vo.vo"         -w -neg
ldbanno: version Diamond (64-bit) 3.10.0.111.2
Copyright (c) 1991-1994 by NeoCAD Inc. All rights reserved.
Copyright (c) 1995 AT&T Corp.   All rights reserved.
Copyright (c) 1995-2001 Lucent Technologies Inc.  All rights reserved.
Copyright (c) 2001 Agere Systems   All rights reserved.
Copyright (c) 2002-2017 Lattice Semiconductor Corporation,  All rights reserved.

Writing a Verilog netlist using the orca library type based on the BreathLight_impl1 design file.


Loading design for application ldbanno from file BreathLight_impl1.ncd.
Design name: PWM
NCD version: 3.3
Vendor:      LATTICE
Device:      LCMXO2-4000HC
Package:     CSBGA132
Performance: 4
Loading device for application ldbanno from file 'xo2c4000.nph' in environment: E:/application/Lattice Diamond/diamond/3.10_x64/ispfpga.
Package Status:                     Final          Version 1.44.
Performance Hardware Data Status:   Final          Version 34.4.
Converting design BreathLight_impl1.ncd into .ldb format.
Loading preferences from breathlight_impl1.prf.
Writing Verilog netlist to file BreathLight_impl1_vo.vo
Writing SDF timing to file BreathLight_impl1_vo.sdf
    <postMsg mid="35400250" type="Info"    dynamic="1" navigation="0" arg0="0"  />

ldbanno "BreathLight_impl1.ncd" -n VHDL -o "BreathLight_impl1_vho.vho"         -w -neg 
ldbanno: version Diamond (64-bit) 3.10.0.111.2
Copyright (c) 1991-1994 by NeoCAD Inc. All rights reserved.
Copyright (c) 1995 AT&T Corp.   All rights reserved.
Copyright (c) 1995-2001 Lucent Technologies Inc.  All rights reserved.
Copyright (c) 2001 Agere Systems   All rights reserved.
Copyright (c) 2002-2017 Lattice Semiconductor Corporation,  All rights reserved.

Writing a VHDL netlist using the orca library type based on the BreathLight_impl1 design file.


Loading design for application ldbanno from file BreathLight_impl1.ncd.
Design name: PWM
NCD version: 3.3
Vendor:      LATTICE
Device:      LCMXO2-4000HC
Package:     CSBGA132
Performance: 4
Loading device for application ldbanno from file 'xo2c4000.nph' in environment: E:/application/Lattice Diamond/diamond/3.10_x64/ispfpga.
Package Status:                     Final          Version 1.44.
Performance Hardware Data Status:   Final          Version 34.4.
Converting design BreathLight_impl1.ncd into .ldb format.
Loading preferences from breathlight_impl1.prf.
Writing VHDL netlist to file BreathLight_impl1_vho.vho
Writing SDF timing to file BreathLight_impl1_vho.sdf
    <postMsg mid="35400250" type="Info"    dynamic="1" navigation="0" arg0="0"  />

bitgen -f "BreathLight_impl1.t2b" -w "BreathLight_impl1.ncd" "BreathLight_impl1.prf"


BITGEN: Bitstream Generator Diamond (64-bit) 3.10.0.111.2
Copyright (c) 1991-1994 by NeoCAD Inc. All rights reserved.
Copyright (c) 1995 AT&T Corp.   All rights reserved.
Copyright (c) 1995-2001 Lucent Technologies Inc.  All rights reserved.
Copyright (c) 2001 Agere Systems   All rights reserved.
Copyright (c) 2002-2017 Lattice Semiconductor Corporation,  All rights reserved.


Loading design for application Bitgen from file BreathLight_impl1.ncd.
Design name: PWM
NCD version: 3.3
Vendor:      LATTICE
Device:      LCMXO2-4000HC
Package:     CSBGA132
Performance: 4
Loading device for application Bitgen from file 'xo2c4000.nph' in environment: E:/application/Lattice Diamond/diamond/3.10_x64/ispfpga.
Package Status:                     Final          Version 1.44.
Performance Hardware Data Status:   Final          Version 34.4.

Running DRC.
DRC detected 0 errors and 0 warnings.
Reading Preference File from BreathLight_impl1.prf.

Preference Summary:
+---------------------------------+---------------------------------+
|  Preference                     |  Current Setting                |
+---------------------------------+---------------------------------+
|                         RamCfg  |                        Reset**  |
+---------------------------------+---------------------------------+
|                     MCCLK_FREQ  |                         2.08**  |
+---------------------------------+---------------------------------+
|                  CONFIG_SECURE  |                          OFF**  |
+---------------------------------+---------------------------------+
|                          INBUF  |                           ON**  |
+---------------------------------+---------------------------------+
|                      JTAG_PORT  |                       ENABLE**  |
+---------------------------------+---------------------------------+
|                       SDM_PORT  |                      DISABLE**  |
+---------------------------------+---------------------------------+
|                 SLAVE_SPI_PORT  |                      DISABLE**  |
+---------------------------------+---------------------------------+
|                MASTER_SPI_PORT  |                      DISABLE**  |
+---------------------------------+---------------------------------+
|                       I2C_PORT  |                      DISABLE**  |
+---------------------------------+---------------------------------+
|        MUX_CONFIGURATION_PORTS  |                      DISABLE**  |
+---------------------------------+---------------------------------+
|                  CONFIGURATION  |                          CFG**  |
+---------------------------------+---------------------------------+
|                COMPRESS_CONFIG  |                           ON**  |
+---------------------------------+---------------------------------+
|                        MY_ASSP  |                          OFF**  |
+---------------------------------+---------------------------------+
|               ONE_TIME_PROGRAM  |                          OFF**  |
+---------------------------------+---------------------------------+
|                 ENABLE_TRANSFR  |                      DISABLE**  |
+---------------------------------+---------------------------------+
|                  SHAREDEBRINIT  |                      DISABLE**  |
+---------------------------------+---------------------------------+
|            BACKGROUND_RECONFIG  |                          OFF**  |
+---------------------------------+---------------------------------+
 *  Default setting.
 ** The specified setting matches the default setting.


Creating bit map...
 
Bitstream Status: Final           Version 1.94.
 
Saving bit stream in "BreathLight_impl1.bit".

bitgen -f "BreathLight_impl1.t2b" -w "BreathLight_impl1.ncd" -jedec "BreathLight_impl1.prf"


BITGEN: Bitstream Generator Diamond (64-bit) 3.10.0.111.2
Copyright (c) 1991-1994 by NeoCAD Inc. All rights reserved.
Copyright (c) 1995 AT&T Corp.   All rights reserved.
Copyright (c) 1995-2001 Lucent Technologies Inc.  All rights reserved.
Copyright (c) 2001 Agere Systems   All rights reserved.
Copyright (c) 2002-2017 Lattice Semiconductor Corporation,  All rights reserved.


Loading design for application Bitgen from file BreathLight_impl1.ncd.
Design name: PWM
NCD version: 3.3
Vendor:      LATTICE
Device:      LCMXO2-4000HC
Package:     CSBGA132
Performance: 4
Loading device for application Bitgen from file 'xo2c4000.nph' in environment: E:/application/Lattice Diamond/diamond/3.10_x64/ispfpga.
Package Status:                     Final          Version 1.44.
Performance Hardware Data Status:   Final          Version 34.4.

Running DRC.
DRC detected 0 errors and 0 warnings.
Reading Preference File from BreathLight_impl1.prf.

Preference Summary:
+---------------------------------+---------------------------------+
|  Preference                     |  Current Setting                |
+---------------------------------+---------------------------------+
|                         RamCfg  |                        Reset**  |
+---------------------------------+---------------------------------+
|                     MCCLK_FREQ  |                         2.08**  |
+---------------------------------+---------------------------------+
|                  CONFIG_SECURE  |                          OFF**  |
+---------------------------------+---------------------------------+
|                          INBUF  |                           ON**  |
+---------------------------------+---------------------------------+
|                      JTAG_PORT  |                       ENABLE**  |
+---------------------------------+---------------------------------+
|                       SDM_PORT  |                      DISABLE**  |
+---------------------------------+---------------------------------+
|                 SLAVE_SPI_PORT  |                      DISABLE**  |
+---------------------------------+---------------------------------+
|                MASTER_SPI_PORT  |                      DISABLE**  |
+---------------------------------+---------------------------------+
|                       I2C_PORT  |                      DISABLE**  |
+---------------------------------+---------------------------------+
|        MUX_CONFIGURATION_PORTS  |                      DISABLE**  |
+---------------------------------+---------------------------------+
|                  CONFIGURATION  |                          CFG**  |
+---------------------------------+---------------------------------+
|                COMPRESS_CONFIG  |                           ON**  |
+---------------------------------+---------------------------------+
|                        MY_ASSP  |                          OFF**  |
+---------------------------------+---------------------------------+
|               ONE_TIME_PROGRAM  |                          OFF**  |
+---------------------------------+---------------------------------+
|                 ENABLE_TRANSFR  |                      DISABLE**  |
+---------------------------------+---------------------------------+
|                  SHAREDEBRINIT  |                      DISABLE**  |
+---------------------------------+---------------------------------+
|            BACKGROUND_RECONFIG  |                          OFF**  |
+---------------------------------+---------------------------------+
 *  Default setting.
 ** The specified setting matches the default setting.


Creating bit map...
 
Bitstream Status: Final           Version 1.94.
 
Saving bit stream in "BreathLight_impl1.jed".
 
===========
UFM Summary.
===========
UFM Size:        767 Pages (128*767 Bits).
UFM Utilization: General Purpose Flash Memory.
 
Available General Purpose Flash Memory:  767 Pages (Page 0 to Page 766).
Initialized UFM Pages:                     0 Page.
 
